<?xml version="1.0" encoding="UTF-8"?>
<!-- Generated by org.testng.reporters.JUnitReportReporter -->
<testsuite hostname="DESKTOP-TETEIV8" failures="0" tests="1" name="woocommece.WPSite" time="14.946" errors="0" timestamp="2024-09-25T20:19:43 BDT" skipped="0">
  <testcase classname="woocommece.WPSite" name="LoginAndDarkModeInstallation" time="14.946"/>
</testsuite> <!-- woocommece.WPSite -->
